<?xml version="1.0" encoding="UTF-8"?>
<testsuite xmlns:xsi="http://www.w3.org/2001/XMLSchema-instance" xsi:noNamespaceSchemaLocation="https://maven.apache.org/surefire/maven-surefire-plugin/xsd/surefire-test-report-3.0.xsd" version="3.0" name="runner.TestRunner" time="23.707" tests="4" errors="0" skipped="0" failures="0">
  <properties>
[...]
</properties>
  <testcase name="Testing HomePage functionality with valid credentials" classname="HomePage" time="7.55">
    <system-out><![CDATA[
@Regression
Scenario: Testing HomePage functionality with valid credentials         # Features/HomePage.feature:5
I Launch chrome browser and open url {string}
https://www.flipkart.com
  Given I Launch chrome browser and open url "https://www.flipkart.com" # stepDefinations.Login.i_launch_chrome_browser_and_open_url(java.lang.String)
i enter username as {string} and password as {string}
  And i enter username as "admin" and password as "admin@123"           # stepDefinations.Login.i_enter_username_as_and_password_as(java.lang.String,java.lang.String)
i click on Login Button
  When i click on Login Button                                          # stepDefinations.Login.i_click_on_login_button()
Home page should be displayed
  Then Home page should be displayed                                    # stepDefinations.HomePage.home_page_should_be_displayed()
Verify userName
  Then Verify userName                                                  # stepDefinations.HomePage.verify_user_name()
]]></system-out>
    <system-err><![CDATA[Jun 04, 2023 11:40:32 AM org.openqa.selenium.manager.SeleniumManager getDriverPath
INFO: Applicable driver not found; attempting to install with Selenium Manager (Beta)
SLF4J: Failed to load class "org.slf4j.impl.StaticLoggerBinder".
SLF4J: Defaulting to no-operation (NOP) logger implementation
SLF4J: See http://www.slf4j.org/codes.html#StaticLoggerBinder for further details.
ERROR StatusLogger Log4j2 could not find a logging implementation. Please add log4j-core to the classpath. Using SimpleLogger to log to the console...
Starting ChromeDriver 113.0.5672.63 (0e1a4471d5ae5bf128b1bd8f4d627c8cbd55f70c-refs/branch-heads/5672@{#912}) on port 34578
Only local connections are allowed.
Please see https://chromedriver.chromium.org/security-considerations for suggestions on keeping ChromeDriver safe.
ChromeDriver was started successfully.
]]></system-err>
  </testcase>
  <testcase name="Testing HomePage functionality with Invalid credentials" classname="HomePage" time="5.146">
    <system-out><![CDATA[
@Regression
Scenario: Testing HomePage functionality with Invalid credentials     # Features/HomePage.feature:12
I Launch chrome browser and open url {string}
https://www.amazon.com
  Given I Launch chrome browser and open url "https://www.amazon.com" # stepDefinations.Login.i_launch_chrome_browser_and_open_url(java.lang.String)
i enter username as {string} and password as {string}
  And i enter username as "admin" and password as "admin@123"         # stepDefinations.Login.i_enter_username_as_and_password_as(java.lang.String,java.lang.String)
i click on Login Button
  When i click on Login Button                                        # stepDefinations.Login.i_click_on_login_button()
]]></system-out>
    <system-err><![CDATA[Jun 04, 2023 11:40:40 AM org.openqa.selenium.manager.SeleniumManager getDriverPath
INFO: Applicable driver not found; attempting to install with Selenium Manager (Beta)
Starting ChromeDriver 113.0.5672.63 (0e1a4471d5ae5bf128b1bd8f4d627c8cbd55f70c-refs/branch-heads/5672@{#912}) on port 11599
Only local connections are allowed.
Please see https://chromedriver.chromium.org/security-considerations for suggestions on keeping ChromeDriver safe.
ChromeDriver was started successfully.
]]></system-err>
  </testcase>
  <testcase name="Testing login functionality with valid credentials" classname="Login" time="5.119">
    <system-out><![CDATA[
@Regression @tag1
Scenario: Testing login functionality with valid credentials            # Features/login.feature:6
I Launch chrome browser and open url {string}
https://www.facebook.com
  Given I Launch chrome browser and open url "https://www.facebook.com" # stepDefinations.Login.i_launch_chrome_browser_and_open_url(java.lang.String)
i enter username as {string} and password as {string}
  And i enter username as "admin" and password as "admin@123"           # stepDefinations.Login.i_enter_username_as_and_password_as(java.lang.String,java.lang.String)
i click on Login Button
  When i click on Login Button                                          # stepDefinations.Login.i_click_on_login_button()
i should be in Home Page
  Then i should be in "Home" Page                                       # stepDefinations.Login.i_should_be_in_home_page(java.lang.String)
]]></system-out>
    <system-err><![CDATA[Jun 04, 2023 11:40:45 AM org.openqa.selenium.manager.SeleniumManager getDriverPath
INFO: Applicable driver not found; attempting to install with Selenium Manager (Beta)
Starting ChromeDriver 113.0.5672.63 (0e1a4471d5ae5bf128b1bd8f4d627c8cbd55f70c-refs/branch-heads/5672@{#912}) on port 8197
Only local connections are allowed.
Please see https://chromedriver.chromium.org/security-considerations for suggestions on keeping ChromeDriver safe.
ChromeDriver was started successfully.
]]></system-err>
  </testcase>
  <testcase name="Testing login functionality with invalid credentials" classname="Login" time="5.269">
    <system-out><![CDATA[
@Regression @tag2
Scenario: Testing login functionality with invalid credentials        # Features/login.feature:13
I Launch chrome browser and open url {string}
https://www.google.com
  Given I Launch chrome browser and open url "https://www.google.com" # stepDefinations.Login.i_launch_chrome_browser_and_open_url(java.lang.String)
i enter username as {string} and password as {string}
  And i enter username as "admin1" and password as "admin@123"        # stepDefinations.Login.i_enter_username_as_and_password_as(java.lang.String,java.lang.String)
i click on Login Button
  When i click on Login Button                                        # stepDefinations.Login.i_click_on_login_button()
i should be in Home Page
  Then i should be in "Home" Page                                     # stepDefinations.Login.i_should_be_in_home_page(java.lang.String)
]]></system-out>
    <system-err><![CDATA[Jun 04, 2023 11:40:50 AM org.openqa.selenium.manager.SeleniumManager getDriverPath
INFO: Applicable driver not found; attempting to install with Selenium Manager (Beta)
Starting ChromeDriver 113.0.5672.63 (0e1a4471d5ae5bf128b1bd8f4d627c8cbd55f70c-refs/branch-heads/5672@{#912}) on port 17899
Only local connections are allowed.
Please see https://chromedriver.chromium.org/security-considerations for suggestions on keeping ChromeDriver safe.
ChromeDriver was started successfully.
]]></system-err>
  </testcase>
</testsuite>